<?xml version="1.0" encoding="UTF-8"?>
<coverage generated="1689563441146" clover="3.2.0">
  <project timestamp="1689563441147" name="All files">
    <metrics statements="7" coveredstatements="5" conditionals="4" coveredconditionals="2" methods="4" coveredmethods="3" elements="15" coveredelements="10" complexity="0" loc="7" ncloc="7" packages="1" files="1" classes="1"/>
    <file name="calculator.js" path="D:\Work\PURWAHDIKA\JCWD\JCWD0306\Fundamental\day 14\calculator.js">
      <metrics statements="7" coveredstatements="5" conditionals="4" coveredconditionals="2" methods="4" coveredmethods="3"/>
      <line num="2" count="2" type="stmt"/>
      <line num="6" count="2" type="stmt"/>
      <line num="10" count="2" type="cond" truecount="2" falsecount="0"/>
      <line num="11" count="1" type="stmt"/>
      <line num="15" count="0" type="cond" truecount="0" falsecount="2"/>
      <line num="16" count="0" type="stmt"/>
      <line num="19" count="1" type="stmt"/>
    </file>
  </project>
</coverage>
